Initialized level 1.0, used 1041760256 of 3803185152
Initialized level 2.0, used 1553465344 of 3803185152
Initialized level 3.0, used 1527250944 of 3803185152
Initialized level 4.0, used 1595408384 of 3803185152
Initialized level 5.0, used 1540358144 of 3803185152
Initialized level 6.0, used 1620049920 of 3803185152
Initialized level 7.0, used 1633681408 of 3803185152
Initialized level 8.0, used 1630535680 of 3803185152
Initialized level 9.0, used 1541406720 of 3803185152
Initialized level 10.0, used 1547173888 of 3803185152
Initialized level 11.0, used 1448083456 of 3803185152
Initialized level 12.0, used 1613234176 of 3803185152
Initialized level 13.0, used 1667760128 of 3803185152
Initialized level 14.0, used 1745354752 of 3803185152
Initialized level 15.0, used 1782054912 of 3803185152
Initialized level 16.0, used 1705508864 of 3803185152
Initialized level 17.0, used 1798307840 of 3803185152
Initialized level 18.0, used 1819279360 of 3803185152
Initialized level 19.0, used 1831862272 of 3803185152
Initialized level 20.0, used 1852833792 of 3803185152
Initialized level 21.0, used 2034761728 of 3803185152
Initialized level 22.0, used 2202533888 of 3803185152
Initialized level 23.0, used 2200436736 of 3803185152
Initialized level 24.0, used 2219311104 of 3803185152
Initialized level 25.0, used 2636644352 of 3803185152
Initialized level 26.0, used 2693267456 of 3803185152
Initialized level 27.0, used 2674917376 of 3803185152
Initialized level 28.0, used 2692743168 of 3803185152
Initialized level 29.0, used 2689073152 of 3803185152
Initialized level 30.0, used 2697461760 of 3803185152
Initialized level 31.0, used 3219128320 of 3803185152
Initialized level 32.0, used 3190292480 of 3803185152
Initialized level 33.0, used 3234856960 of 3803185152
Initialized level 34.0, used 3223846912 of 3803185152
Initialized level 35.0, used 3221749760 of 3803185152
Initialization complete
Updating bending of IND from 0.4 to 0.496484375
Updating bending of GRC from 0.4 to 0.49335937500000004
Updating bending of ITA from 0.4 to 0.46992187500000004
Updating bending of LVA from 0.4 to 0.36601562500000007
Updating bending of DEU from 0.4 to 0.42460937500000007
Updating bending of FRA from 0.4 to 0.562109375
Updating bending of CAN from 0.4 to 0.379296875
Updating bending of BRA from 0.4 to 0.462890625
Updating bending of CZE from 0.4 to 0.35273437500000004
Updating bending of KOR from 0.4 to 0.402734375
Updating bending of LUX from 0.4 to 0.31367187500000004
Updating bending of BGR from 0.4 to 0.413671875
Updating bending of POL from 0.4 to 0.480859375
Updating bending of FIN from 0.4 to 0.40351562500000004
Updating bending of BEL from 0.4 to 0.443359375
Updating bending of EST from 0.4 to 0.2784179687500001
Updating bending of RUS from 0.4 to 0.0
Updating bending of TUR from 0.4 to 0.5691406250000001
Updating bending of TWN from 0.4 to 0.43085937500000004
Updating bending of ESP from 0.4 to 0.47539062499999996
Updating bending of USA from 0.4 to 0.49814453125
Updating bending of AUT from 0.4 to 0.443359375
Updating bending of AUS from 0.4 to 0.33085937500000007
Updating bending of HUN from 0.4 to 0.46367187500000007
Updating bending of SWE from 0.4 to 0.402734375
Updating bending of CYP from 0.4 to 0.45039062500000004
Updating bending of RoW from 0.4 to 0.33710937500000004
Updating bending of GBR from 0.4 to 0.369140625
Updating bending of MLT from 0.4 to 0.43085937500000004
Updating bending of PRT from 0.4 to 0.54150390625
Updating bending of IDN from 0.4 to 0.18857421875000008
Updating bending of LTU from 0.4 to 0.48554687500000004
Updating bending of SVN from 0.4 to 0.3949218750000001
Updating bending of JPN from 0.4 to 0.44414062499999996
Updating bending of CHN from 0.4 to 0.25908203125
Updating bending of NLD from 0.4 to 0.396484375
Updating bending of SVK from 0.4 to 0.47148437499999996
Updating bending of IRL from 0.4 to 0.2924804687500001
Updating bending of MEX from 0.4 to 0.5878906250000001
Updating bending of DNK from 0.4 to 0.44414062499999996
Country	Bending	Reuse	Variance	Covariance
AUS	0.33085937500000007	0.2034896032462715	9.918345796102644E-5	0.0013625765910296977
AUT	0.443359375	0.4179579851327169	5.278473506981335E-5	8.903641082877135E-4
BEL	0.443359375	0.4941440584341057	1.4752151188953473E-4	9.021847916662001E-4
BGR	0.413671875	0.49166276724959723	1.0604126033478392E-4	6.845340354004857E-4
BRA	0.462890625	0.2499330431798516	2.3534927577549287E-4	-4.6298842736752684E-4
CAN	0.379296875	0.2982812595763359	2.1342904665846703E-4	2.2012258286856519E-4
CHN	0.25908203125	0.3360544011895685	1.1211072422809904E-4	0.0016772798508925405
CYP	0.45039062500000004	0.3400323965759157	1.9549770438581456E-4	-4.713679098346841E-4
CZE	0.35273437500000004	0.5149631187947827	1.0974187156307723E-4	2.3090197153928724E-4
DEU	0.42460937500000007	0.3280187525185183	1.1915171894803648E-4	0.0011768222229762955
DNK	0.44414062499999996	0.3914545157878709	1.858856402436842E-4	-3.0143156759858576E-4
ESP	0.47539062499999996	0.3995523004091393	2.2615284970874596E-4	-0.0017964872082782061
EST	0.2784179687500001	0.4150758614530426	7.976163766482766E-5	-0.0014464074751826734
FIN	0.40351562500000004	0.38854025873038744	1.8209440201813219E-4	-3.645493355321538E-4
FRA	0.562109375	0.39216993738674055	7.74912365785421E-4	1.341500619324562E-5
GBR	0.369140625	0.2527099136947909	8.980788270966167E-5	-0.0014448158418734257
GRC	0.49335937500000004	0.3423396862834649	4.506287547417568E-4	0.0013245560008606242
HUN	0.46367187500000007	0.5635583126118598	1.1495033318261536E-4	0.0011650926065952106
IDN	0.18857421875000008	0.2229769235104443	7.631849213117393E-5	9.01712171896227E-4
IND	0.496484375	0.35494421078655447	4.4064502651665273E-4	2.510980988492646E-4
IRL	0.2924804687500001	0.4689633342857708	9.080530725205036E-5	-5.807842656358473E-4
ITA	0.46992187500000004	0.3803423992536075	4.373771956189423E-4	9.8632503807672E-4
JPN	0.44414062499999996	0.20582294927978892	2.3051179770041408E-4	-0.00348416569744185
KOR	0.402734375	0.41781373102850844	3.7726005388524054E-4	9.447963987802618E-4
LTU	0.48554687500000004	0.48197196727662517	1.652018380024405E-4	1.6860803913589008E-4
LUX	0.31367187500000004	0.6167682403855156	4.3454011640303644E-5	4.0759948460716237E-4
LVA	0.36601562500000007	0.40437138766919223	1.8165780736536174E-4	-1.3003955611723864E-4
MEX	0.5878906250000001	0.4323296269278039	6.543204756380289E-4	-4.850427428600038E-4
MLT	0.43085937500000004	0.5177887493943267	1.3352415165934924E-4	6.809735231072776E-4
NLD	0.396484375	0.41520217232026074	1.4191422249115537E-4	5.957338629003217E-4
POL	0.480859375	0.4525822077857336	1.130105758922988E-4	7.338876184797559E-4
PRT	0.54150390625	0.46662931514741496	1.5631187758923274E-4	0.0014571938921474712
ROM	0.4	0.4042631274486607	9.307672422269606E-5	-4.489910650689437E-4
RUS	0.0	0.07119882151547174	1.372574556848704E-5	-0.013405770903214287
RoW	0.33710937500000004	0.3318920227125034	5.209796587940756E-4	8.278648924410607E-4
SVK	0.47148437499999996	0.5834128750668706	5.9518476434116404E-5	0.0012843007536696247
SVN	0.3949218750000001	0.47205030124433217	1.275764594075387E-4	0.001184007951160766
SWE	0.402734375	0.3870269456142208	1.6637249454315418E-4	6.013158346308317E-5
TUR	0.5691406250000001	0.46348968839394605	3.197651321233185E-4	-0.0018223912405779606
TWN	0.43085937500000004	0.5021034046620397	3.491192329844068E-4	7.018812596292357E-4
USA	0.49814453125	0.2366130256604394	3.1441156331233824E-4	0.003481516477303298
