This is pdfTeX, Version 3.1415926-2.5-1.40.14 (MiKTeX 2.9) (preloaded format=pdftex 2015.6.29)  11 MAY 2016 17:46
entering extended mode
**C:/eclipsej2ee/workspace/ImportReuse/tex/termpaper.bib
(C:/eclipsej2ee/workspace/ImportReuse/tex/termpaper.bib
Overfull \hbox (10.88475pt too wide) in paragraph at lines 37--43
[]\tenrm @articlekee2013domestic, ti-tle=Domestic value added in Chi-nese ex-po
rts: firm-level ev-i-dence, au-thor=Kee,|

\hbox(6.94444+1.94444)x469.75499, glue set - 1.0
.\hbox(0.0+0.0)x20.0
.\tenrm @
.\tenrm a
.\tenrm r
.\tenrm t
.etc.


Overfull \hbox (22.8294pt too wide) in paragraph at lines 55--60
[]\tenrm @articleauer2016international, ti-tle=International In-fla-tion Spillo
vers Through In-put Link-ages, au-thor=Auer,|

\hbox(6.94444+1.94444)x469.75499, glue set - 1.0
.\hbox(0.0+0.0)x20.0
.\tenrm @
.\tenrm a
.\tenrm r
.\tenrm t
.etc.

)
*
! Emergency stop.
<*> ...2ee/workspace/ImportReuse/tex/termpaper.bib
                                                  
End of file on the terminal!

!  ==> Fatal error occurred, no output PDF file produced!
